2022-09-29 16:27:08,817 - basicLogger - INFO - Food Receiver Service : trace_id: 45f4f10f-b8b2-4ae0-ad25-1748b27c2183 status code 200
2022-09-29 16:27:09,733 - basicLogger - INFO - Food Receiver Service : trace_id: 66da159d-3e52-4227-ad4e-4bc3f0eee094 status code 200
2022-09-29 16:27:32,342 - basicLogger - INFO - Food Receiver Service : trace_id: f10297b5-ecdc-42d7-bb73-a8aeb710693c status code 200
2022-10-06 13:27:53,672 - basicLogger - INFO - Food Receiver Service : trace_id: d0eb2751-0774-4f4c-a974-18915d6a65fd status code 200
2022-10-06 13:28:06,784 - basicLogger - INFO - Food Receiver Service : trace_id: ff712e64-6a38-40b6-b952-2d4de2a0e2b0 status code 200
2022-10-06 13:28:07,549 - basicLogger - INFO - Food Receiver Service : trace_id: c9ebd899-efab-4078-8990-8573bee414ff status code 200
2022-10-06 13:28:08,118 - basicLogger - INFO - Food Receiver Service : trace_id: 68a4bd18-6929-478c-94c5-f8db70e5eabe status code 200
2022-10-06 13:28:08,620 - basicLogger - INFO - Food Receiver Service : trace_id: a1834652-e96a-44fa-aafd-672282b12a57 status code 200
2022-10-06 14:43:01,879 - basicLogger - INFO - Food Receiver Service : trace_id: e6c40d61-7d8f-48be-9647-ea125d4bc692 status code 200
2022-10-06 14:43:26,578 - basicLogger - INFO - Food Receiver Service : trace_id: 472fd48e-0c73-4911-b870-aee74a98b667 status code 200
2022-10-06 14:47:59,185 - basicLogger - INFO - Food Receiver Service : trace_id: 7a10d603-e24a-46b4-9ff7-f683bf7915cf status code 200
2022-10-06 15:45:55,702 - basicLogger - INFO - Merch Receiver Service : trace_id: ff666164-1238-424b-b2f9-67a0f0bb1666 status code 500
2022-10-06 16:00:23,055 - basicLogger - INFO - Merch Receiver Service : trace_id: f3d4808c-00ad-4e70-8d60-24d6de5df4d2 status code 200
2022-10-06 16:15:05,007 - basicLogger - INFO - Merch Receiver Service : trace_id: d5cc9dc0-795b-4e19-b84b-18e7b426b2b5 status code 200
2022-10-06 16:15:28,851 - basicLogger - INFO - Merch Receiver Service : trace_id: 76607284-c4df-412f-8436-9f7f0bf7bade status code 200
2022-10-07 01:00:27,034 - basicLogger - INFO - Merch Receiver Service : trace_id: b6788aac-d3c6-4cf3-9ff0-b23e15d524ba status code 200
2022-10-07 01:00:33,478 - basicLogger - INFO - Merch Receiver Service : trace_id: fcc1fd64-eab0-4521-837d-29b8085a0a2e status code 200
2022-10-07 01:20:22,691 - basicLogger - INFO - Merch Receiver Service : trace_id: 9da3e130-beb7-43cc-add6-955ee2e89c2b status code 200
2022-10-07 01:22:27,077 - basicLogger - INFO - Merch Receiver Service : trace_id: 1f3773e2-45f8-4bba-b21a-cf693666dbf6 status code 200
2022-10-07 01:22:27,645 - basicLogger - INFO - Merch Receiver Service : trace_id: 673f056a-725f-44c2-9452-4abb545a57ad status code 200
2022-10-07 01:22:28,400 - basicLogger - INFO - Merch Receiver Service : trace_id: b3bf50a4-0cff-4546-96f9-64553768bd14 status code 200
2022-10-07 01:34:46,023 - basicLogger - INFO - Merch Receiver Service : trace_id: 1e117766-7fb8-4971-a147-9c0d1479d136 status code 200
2022-10-07 01:34:46,202 - basicLogger - INFO - Merch Receiver Service : trace_id: 91f799e4-3e0b-4bbf-b2ff-09954936080f status code 200
2022-10-07 01:34:46,449 - basicLogger - INFO - Merch Receiver Service : trace_id: 1397adf0-b382-4a7a-a370-29a3def2e325 status code 200
2022-10-07 01:35:47,617 - basicLogger - INFO - Merch Receiver Service : trace_id: e59b8977-2c2e-4b68-8931-5b010d8d687a status code 200
2022-10-07 01:38:37,367 - basicLogger - INFO - Merch Receiver Service : trace_id: 0bb10fbe-d7ca-43b3-892f-117f87507da9 status code 200
2022-10-07 01:38:37,595 - basicLogger - INFO - Merch Receiver Service : trace_id: 94467922-1b25-4c9b-b4d1-5091284520d0 status code 200
2022-10-13 14:03:28,527 - basicLogger - INFO - Merch Receiver Service : trace_id: 80241677-2258-490b-a66d-b1eb7a6f69e1 status code 200
2022-10-13 14:04:39,084 - basicLogger - INFO - Merch Receiver Service : trace_id: ad684092-2dbe-4f3e-8f6c-07b819a3b522 status code 200
2022-10-13 14:04:39,514 - basicLogger - INFO - Merch Receiver Service : trace_id: c04acfd2-574a-42d0-a799-44b36b3b3393 status code 200
2022-10-13 14:04:39,952 - basicLogger - INFO - Merch Receiver Service : trace_id: c9269837-763d-42de-943c-f8bd8269005f status code 200
2022-10-13 14:06:21,517 - basicLogger - INFO - Merch Receiver Service : trace_id: c35b49c7-866b-47b5-9211-d5f88a22eb28 status code 200
2022-10-13 14:07:45,788 - basicLogger - INFO - Food Receiver Service : trace_id: 2c5d52f1-a521-479f-834a-8f86811a858a status code 200
2022-10-13 14:08:31,112 - basicLogger - INFO - Food Receiver Service : trace_id: 30855942-7a88-423f-9691-cb66b9b38331 status code 200
2022-10-13 14:08:31,655 - basicLogger - INFO - Food Receiver Service : trace_id: ff3a2cd5-e800-440c-9e53-0a83e00261ab status code 200
2022-10-13 14:08:43,723 - basicLogger - INFO - Merch Receiver Service : trace_id: 5856baea-4b8b-4823-8878-6613520847b8 status code 200
2022-10-13 14:09:08,602 - basicLogger - INFO - Merch Receiver Service : trace_id: 15e26623-e067-4998-bb17-05a72faea0d9 status code 200
2022-10-13 14:09:08,806 - basicLogger - INFO - Merch Receiver Service : trace_id: 74a1e7e3-e20e-4717-83f9-c6ce18d08e17 status code 200
2022-10-13 14:15:58,776 - basicLogger - INFO - Merch Receiver Service : trace_id: c2a7ad2b-0417-4e57-93a3-aae667be4c77 status code 200
2022-10-13 14:15:58,958 - basicLogger - INFO - Merch Receiver Service : trace_id: d00896ec-5492-442a-b753-73317cdbd0a8 status code 200
2022-10-13 14:15:59,794 - basicLogger - INFO - Merch Receiver Service : trace_id: 991a06b0-8331-4548-8d6b-233a3a8dc424 status code 200
2022-10-13 14:16:20,122 - basicLogger - INFO - Food Receiver Service : trace_id: 7c45dc82-dfe0-4d73-9990-29dee64b8a84 status code 200
2022-10-13 14:16:20,635 - basicLogger - INFO - Food Receiver Service : trace_id: 576d0cb1-ba8f-49c8-80a4-ad7128058335 status code 200
2022-10-13 14:16:23,228 - basicLogger - INFO - Food Receiver Service : trace_id: 33d7f7b7-8976-4e8d-90ff-d7cc95e66353 status code 200
2022-10-13 14:35:00,608 - basicLogger - INFO - Food Receiver Service : trace_id: 348ff1fe-28cd-48e2-b34f-b0ea8c204d3e status code 200
2022-10-13 14:35:00,974 - basicLogger - INFO - Food Receiver Service : trace_id: 0ecd35e6-16c1-4363-b3ae-fb02e4d636b6 status code 200
2022-10-13 14:35:01,575 - basicLogger - INFO - Food Receiver Service : trace_id: 94ffacb5-3a23-4dda-9b7d-3ea820534986 status code 200
2022-10-13 14:35:02,157 - basicLogger - INFO - Food Receiver Service : trace_id: 1e6680b9-726b-4da1-be8d-8bd1025f7257 status code 200
2022-10-13 14:35:36,964 - basicLogger - INFO - Food Receiver Service : trace_id: 7864b612-7975-4c3c-b585-94c3073130b5 status code 200
2022-10-13 14:35:37,459 - basicLogger - INFO - Food Receiver Service : trace_id: 94da7ebc-d4b4-4330-9944-eff497f564c2 status code 200
2022-10-13 14:35:37,927 - basicLogger - INFO - Food Receiver Service : trace_id: 7a549d1d-8c94-4783-87b2-cc8ca2cb8a79 status code 200
2022-10-13 14:35:38,475 - basicLogger - INFO - Food Receiver Service : trace_id: 4da62742-3277-4cea-bca9-da841eefed3e status code 200
2022-10-13 14:35:38,909 - basicLogger - INFO - Food Receiver Service : trace_id: 659a234e-bb07-42a1-824d-98741004795b status code 200
2022-10-13 14:36:01,934 - basicLogger - INFO - Merch Receiver Service : trace_id: 2c48a587-5e2b-4c60-ae6f-4f84e1cd9ecd status code 200
2022-10-13 14:36:02,481 - basicLogger - INFO - Merch Receiver Service : trace_id: ad909e4a-38f1-4268-b5e2-09c69aac16c6 status code 200
2022-10-13 14:36:02,896 - basicLogger - INFO - Merch Receiver Service : trace_id: 4c385431-0d12-415a-8f60-6aab7106bbbf status code 200
