2022-09-29 16:27:08,817 - basicLogger - INFO - Food Receiver Service : trace_id: 45f4f10f-b8b2-4ae0-ad25-1748b27c2183 status code 200
2022-09-29 16:27:09,733 - basicLogger - INFO - Food Receiver Service : trace_id: 66da159d-3e52-4227-ad4e-4bc3f0eee094 status code 200
2022-09-29 16:27:32,342 - basicLogger - INFO - Food Receiver Service : trace_id: f10297b5-ecdc-42d7-bb73-a8aeb710693c status code 200
2022-10-06 13:27:53,672 - basicLogger - INFO - Food Receiver Service : trace_id: d0eb2751-0774-4f4c-a974-18915d6a65fd status code 200
2022-10-06 13:28:06,784 - basicLogger - INFO - Food Receiver Service : trace_id: ff712e64-6a38-40b6-b952-2d4de2a0e2b0 status code 200
2022-10-06 13:28:07,549 - basicLogger - INFO - Food Receiver Service : trace_id: c9ebd899-efab-4078-8990-8573bee414ff status code 200
2022-10-06 13:28:08,118 - basicLogger - INFO - Food Receiver Service : trace_id: 68a4bd18-6929-478c-94c5-f8db70e5eabe status code 200
2022-10-06 13:28:08,620 - basicLogger - INFO - Food Receiver Service : trace_id: a1834652-e96a-44fa-aafd-672282b12a57 status code 200
2022-10-06 14:43:01,879 - basicLogger - INFO - Food Receiver Service : trace_id: e6c40d61-7d8f-48be-9647-ea125d4bc692 status code 200
2022-10-06 14:43:26,578 - basicLogger - INFO - Food Receiver Service : trace_id: 472fd48e-0c73-4911-b870-aee74a98b667 status code 200
2022-10-06 14:47:59,185 - basicLogger - INFO - Food Receiver Service : trace_id: 7a10d603-e24a-46b4-9ff7-f683bf7915cf status code 200
2022-10-06 15:45:35,904 - basicLogger - INFO - Food Receiver Service : trace_id: 3dbfb8a4-2805-4456-9d12-4f34117c5c8b status code 500
2022-10-06 15:45:35,924 - basicLogger - INFO - Food Receiver Service : trace_id: 195dca5b-684c-4abd-9312-3eda55a250b6 status code 500
2022-10-06 15:45:35,928 - basicLogger - INFO - Food Receiver Service : trace_id: 616be8f6-f99e-4e18-867c-25d5ad152efd status code 500
2022-10-06 15:45:35,931 - basicLogger - INFO - Food Receiver Service : trace_id: 21264c61-04f4-467d-9600-bb8ee6633837 status code 500
2022-10-06 15:45:35,935 - basicLogger - INFO - Food Receiver Service : trace_id: 65a25af2-5222-4aff-b79f-5634f1e113e2 status code 500
2022-10-06 15:45:35,940 - basicLogger - INFO - Food Receiver Service : trace_id: 886bb0c2-69f7-41df-826d-f0cc57f9cb3e status code 500
2022-10-06 15:45:35,944 - basicLogger - INFO - Food Receiver Service : trace_id: e99683ba-fc43-4e0d-be8a-4d03d530b64d status code 500
2022-10-06 15:45:35,948 - basicLogger - INFO - Food Receiver Service : trace_id: ea1e48d2-cd58-4309-a6ab-a5c0a5bbebd6 status code 500
2022-10-06 15:45:35,953 - basicLogger - INFO - Food Receiver Service : trace_id: 171fb3a3-81c5-4d93-b8a4-f3f805895482 status code 500
2022-10-06 15:45:35,959 - basicLogger - INFO - Food Receiver Service : trace_id: 7b9b9460-7134-41e8-8a90-990ce69eae33 status code 500
2022-10-06 15:45:35,964 - basicLogger - INFO - Food Receiver Service : trace_id: 0c411cf5-744c-477b-81db-4b3626122bea status code 500
2022-10-06 15:45:35,969 - basicLogger - INFO - Food Receiver Service : trace_id: 8904474b-b78f-4100-9573-d216f55af05d status code 500
2022-10-06 15:45:35,979 - basicLogger - INFO - Food Receiver Service : trace_id: 2059d40e-ed2e-4e97-90f3-9c0cc82026d3 status code 500
2022-10-06 15:45:35,987 - basicLogger - INFO - Food Receiver Service : trace_id: 927ec06a-48b9-4f92-a7f6-1a2713edf27f status code 500
2022-10-06 15:45:35,996 - basicLogger - INFO - Food Receiver Service : trace_id: 678819c0-4ec7-47bc-aea2-0bfb94869694 status code 500
2022-10-06 15:45:36,010 - basicLogger - INFO - Food Receiver Service : trace_id: e729e279-4548-4d8a-b5c9-789f54650c50 status code 500
2022-10-06 15:45:36,068 - basicLogger - INFO - Food Receiver Service : trace_id: a614d7a5-12e4-4fbc-8d7a-382ecd6b737c status code 500
2022-10-06 15:45:36,197 - basicLogger - INFO - Food Receiver Service : trace_id: 387a92ae-163f-42a8-8ebb-33796bf074a3 status code 500
2022-10-06 15:45:36,313 - basicLogger - INFO - Food Receiver Service : trace_id: fff867e1-a58f-47d6-b598-62478e15638a status code 500
2022-10-06 15:45:36,511 - basicLogger - INFO - Food Receiver Service : trace_id: 7d77d922-c271-4bd6-84d9-fe35741a328c status code 500
2022-10-06 15:45:36,989 - basicLogger - INFO - Food Receiver Service : trace_id: 682d764e-7717-4d18-b1a5-78557316a7dc status code 500
2022-10-06 15:45:37,818 - basicLogger - INFO - Food Receiver Service : trace_id: 7eeeef0d-6aea-4018-907c-7e8667f237d9 status code 500
2022-10-06 15:45:39,545 - basicLogger - INFO - Food Receiver Service : trace_id: e20cbc42-63e6-4981-b643-884c8ebd98e8 status code 500
2022-10-06 15:45:42,405 - basicLogger - INFO - Food Receiver Service : trace_id: 39e35bd9-f9ac-46e5-a7b5-1fd789a48514 status code 500
2022-10-06 15:45:47,445 - basicLogger - INFO - Food Receiver Service : trace_id: c562f18a-80e5-4409-8166-908a6b33c511 status code 500
2022-10-06 15:45:55,611 - basicLogger - INFO - Merch Receiver Service : trace_id: ab987506-93e1-4481-a731-af6cee661db0 status code 500
2022-10-06 15:45:55,621 - basicLogger - INFO - Merch Receiver Service : trace_id: 0b88dde2-e5dd-4684-9fe0-ff69456afed9 status code 500
2022-10-06 15:45:55,630 - basicLogger - INFO - Merch Receiver Service : trace_id: 4ff8d6a0-8729-4e74-9388-b666dce1758f status code 500
2022-10-06 15:45:55,638 - basicLogger - INFO - Merch Receiver Service : trace_id: 9cf4c164-be36-42d4-9fef-3f6c49a9f3ec status code 500
2022-10-06 15:45:55,645 - basicLogger - INFO - Merch Receiver Service : trace_id: 9819e100-ea03-40f4-a46b-9ebd5880cff8 status code 500
2022-10-06 15:45:55,650 - basicLogger - INFO - Merch Receiver Service : trace_id: f5eca6ff-ce9f-4938-b701-14d6840560dd status code 500
2022-10-06 15:45:55,662 - basicLogger - INFO - Merch Receiver Service : trace_id: d3ac7fe8-ea74-42cb-8432-290fe27ade37 status code 500
2022-10-06 15:45:55,672 - basicLogger - INFO - Merch Receiver Service : trace_id: ec48d631-4729-4ef0-b0ad-32dcb8a35f4f status code 500
2022-10-06 15:45:55,677 - basicLogger - INFO - Merch Receiver Service : trace_id: 75979d9a-ab3a-4713-b35f-9bc15dd2709c status code 500
2022-10-06 15:45:55,686 - basicLogger - INFO - Merch Receiver Service : trace_id: f6c1fdd1-ccbe-433e-9739-1f9a56f370e3 status code 500
2022-10-06 15:45:55,694 - basicLogger - INFO - Merch Receiver Service : trace_id: 9b42a992-068f-40c6-bb55-e835b8d46a00 status code 500
2022-10-06 15:45:58,505 - basicLogger - INFO - Food Receiver Service : trace_id: f3092815-084c-41d6-8420-ba3f500fee7f status code 500
