2022-09-29 16:27:08,813 - basicLogger - INFO - Food Storage Service : trace_id: 45f4f10f-b8b2-4ae0-ad25-1748b27c2183 write to database inventory table food_inventory
2022-09-29 16:27:09,731 - basicLogger - INFO - Food Storage Service : trace_id: 66da159d-3e52-4227-ad4e-4bc3f0eee094 write to database inventory table food_inventory
2022-09-29 16:27:32,342 - basicLogger - INFO - Food Storage Service : trace_id: f10297b5-ecdc-42d7-bb73-a8aeb710693c write to database inventory table food_inventory
2022-10-06 13:27:53,667 - basicLogger - INFO - Food Storage Service : trace_id: d0eb2751-0774-4f4c-a974-18915d6a65fd write to database inventory table food_inventory
2022-10-06 13:28:06,780 - basicLogger - INFO - Food Storage Service : trace_id: ff712e64-6a38-40b6-b952-2d4de2a0e2b0 write to database inventory table food_inventory
2022-10-06 13:28:07,546 - basicLogger - INFO - Food Storage Service : trace_id: c9ebd899-efab-4078-8990-8573bee414ff write to database inventory table food_inventory
2022-10-06 13:28:08,115 - basicLogger - INFO - Food Storage Service : trace_id: 68a4bd18-6929-478c-94c5-f8db70e5eabe write to database inventory table food_inventory
2022-10-06 13:28:08,615 - basicLogger - INFO - Food Storage Service : trace_id: a1834652-e96a-44fa-aafd-672282b12a57 write to database inventory table food_inventory
2022-10-06 14:43:01,872 - basicLogger - INFO - Food Storage Service : trace_id: e6c40d61-7d8f-48be-9647-ea125d4bc692 write to database inventory table food_inventory
2022-10-06 14:43:26,574 - basicLogger - INFO - Food Storage Service : trace_id: 472fd48e-0c73-4911-b870-aee74a98b667 write to database inventory table food_inventory
2022-10-06 14:47:59,178 - basicLogger - INFO - Food Storage Service : trace_id: 7a10d603-e24a-46b4-9ff7-f683bf7915cf write to database inventory table food_inventory
2022-10-06 16:00:23,052 - basicLogger - INFO - Merch Storage Service : trace_id: f3d4808c-00ad-4e70-8d60-24d6de5df4d2 write to database inventory table merch_inventory
2022-10-06 16:15:05,004 - basicLogger - INFO - Merch Storage Service : trace_id: d5cc9dc0-795b-4e19-b84b-18e7b426b2b5 write to database inventory table merch_inventory
2022-10-06 16:15:28,848 - basicLogger - INFO - Merch Storage Service : trace_id: 76607284-c4df-412f-8436-9f7f0bf7bade write to database inventory table merch_inventory
2022-10-06 22:40:12,516 - basicLogger - INFO - Merch Storage Service : trace_id: b80f360f-b704-4c1f-9721-52c1bcd75764 read from database inventory table merch_inventory
2022-10-06 22:40:26,958 - basicLogger - INFO - Merch Storage Service : trace_id: ff685f22-d0f1-49c6-871d-342f33b39396 read from database inventory table merch_inventory
2022-10-06 22:40:28,088 - basicLogger - INFO - Merch Storage Service : trace_id: 940079c8-614a-4ae9-9ec6-86b72a1ef908 read from database inventory table merch_inventory
2022-10-06 22:40:29,681 - basicLogger - INFO - Merch Storage Service : trace_id: 2dca6f23-e24d-459d-a578-81d13b833c9c read from database inventory table merch_inventory
2022-10-06 22:40:42,866 - basicLogger - INFO - Merch Storage Service : trace_id: 267468d2-fce5-4c2d-affe-bc2819f18d52 read from database inventory table merch_inventory
2022-10-06 22:41:32,543 - basicLogger - INFO - Merch Storage Service : trace_id: 4c54d687-06ff-43bf-9c14-57e78c69e92e read from database inventory table merch_inventory
2022-10-06 22:41:55,814 - basicLogger - INFO - Merch Storage Service : trace_id: 709ea4dd-4bf3-4bf8-a105-0200fa321b07 read from database inventory table merch_inventory
2022-10-06 22:42:59,182 - basicLogger - INFO - Merch Storage Service : trace_id: 07b0ad56-c7a2-4730-890a-53a6e0840984 read from database inventory table merch_inventory
2022-10-06 22:45:20,076 - basicLogger - INFO - Merch Storage Service : trace_id: 26c4eef7-5f3a-49b8-9698-ba4cf72c4bcd read from database inventory table merch_inventory
2022-10-07 01:00:27,029 - basicLogger - INFO - Merch Storage Service : trace_id: b6788aac-d3c6-4cf3-9ff0-b23e15d524ba write to database inventory table merch_inventory
2022-10-07 01:00:33,474 - basicLogger - INFO - Merch Storage Service : trace_id: fcc1fd64-eab0-4521-837d-29b8085a0a2e write to database inventory table merch_inventory
2022-10-07 01:20:22,687 - basicLogger - INFO - Merch Storage Service : trace_id: 9da3e130-beb7-43cc-add6-955ee2e89c2b write to database inventory table merch_inventory
2022-10-07 01:22:27,075 - basicLogger - INFO - Merch Storage Service : trace_id: 1f3773e2-45f8-4bba-b21a-cf693666dbf6 write to database inventory table merch_inventory
2022-10-07 01:22:27,642 - basicLogger - INFO - Merch Storage Service : trace_id: 673f056a-725f-44c2-9452-4abb545a57ad write to database inventory table merch_inventory
2022-10-07 01:22:28,397 - basicLogger - INFO - Merch Storage Service : trace_id: b3bf50a4-0cff-4546-96f9-64553768bd14 write to database inventory table merch_inventory
2022-10-07 01:34:46,019 - basicLogger - INFO - Merch Storage Service : trace_id: 1e117766-7fb8-4971-a147-9c0d1479d136 write to database inventory table merch_inventory
2022-10-07 01:34:46,198 - basicLogger - INFO - Merch Storage Service : trace_id: 91f799e4-3e0b-4bbf-b2ff-09954936080f write to database inventory table merch_inventory
2022-10-07 01:34:46,446 - basicLogger - INFO - Merch Storage Service : trace_id: 1397adf0-b382-4a7a-a370-29a3def2e325 write to database inventory table merch_inventory
2022-10-07 01:35:47,615 - basicLogger - INFO - Merch Storage Service : trace_id: e59b8977-2c2e-4b68-8931-5b010d8d687a write to database inventory table merch_inventory
2022-10-07 01:38:37,364 - basicLogger - INFO - Merch Storage Service : trace_id: 0bb10fbe-d7ca-43b3-892f-117f87507da9 write to database inventory table merch_inventory
2022-10-07 01:38:37,591 - basicLogger - INFO - Merch Storage Service : trace_id: 94467922-1b25-4c9b-b4d1-5091284520d0 write to database inventory table merch_inventory
2022-10-13 14:35:00,600 - basicLogger - INFO - Food Storage Service : trace_id: 348ff1fe-28cd-48e2-b34f-b0ea8c204d3e write to database inventory table food_inventory
2022-10-13 14:35:00,969 - basicLogger - INFO - Food Storage Service : trace_id: 0ecd35e6-16c1-4363-b3ae-fb02e4d636b6 write to database inventory table food_inventory
2022-10-13 14:35:01,566 - basicLogger - INFO - Food Storage Service : trace_id: 94ffacb5-3a23-4dda-9b7d-3ea820534986 write to database inventory table food_inventory
2022-10-13 14:35:02,146 - basicLogger - INFO - Food Storage Service : trace_id: 1e6680b9-726b-4da1-be8d-8bd1025f7257 write to database inventory table food_inventory
2022-10-13 14:35:36,956 - basicLogger - INFO - Food Storage Service : trace_id: 7864b612-7975-4c3c-b585-94c3073130b5 write to database inventory table food_inventory
2022-10-13 14:35:37,450 - basicLogger - INFO - Food Storage Service : trace_id: 94da7ebc-d4b4-4330-9944-eff497f564c2 write to database inventory table food_inventory
2022-10-13 14:35:37,927 - basicLogger - INFO - Food Storage Service : trace_id: 7a549d1d-8c94-4783-87b2-cc8ca2cb8a79 write to database inventory table food_inventory
2022-10-13 14:35:38,473 - basicLogger - INFO - Food Storage Service : trace_id: 4da62742-3277-4cea-bca9-da841eefed3e write to database inventory table food_inventory
2022-10-13 14:35:38,901 - basicLogger - INFO - Food Storage Service : trace_id: 659a234e-bb07-42a1-824d-98741004795b write to database inventory table food_inventory
2022-10-13 14:36:01,934 - basicLogger - INFO - Merch Storage Service : trace_id: 2c48a587-5e2b-4c60-ae6f-4f84e1cd9ecd write to database inventory table merch_inventory
2022-10-13 14:36:02,481 - basicLogger - INFO - Merch Storage Service : trace_id: ad909e4a-38f1-4268-b5e2-09c69aac16c6 write to database inventory table merch_inventory
2022-10-13 14:36:02,887 - basicLogger - INFO - Merch Storage Service : trace_id: 4c385431-0d12-415a-8f60-6aab7106bbbf write to database inventory table merch_inventory
